

============================== 2022-08-15 16:51:27.004127 | 19d93143-1b42-4c52-9a02-592aea1d19be ==============================
[0m16:51:27.004127 [info ] [MainThread]: Running with dbt=1.2.0
[0m16:51:27.004127 [debug] [MainThread]: running dbt with arguments {'write_json': True, 'use_colors': True, 'printer_width': 80, 'version_check': True, 'partial_parse': True, 'static_parser': True, 'profiles_dir': 'C:\\Users\\Tonyola\\.dbt', 'send_anonymous_usage_stats': True, 'event_buffer_size': 100000, 'quiet': False, 'no_print': False, 'project_name': 'dbt_fundamental', 'skip_profile_setup': False, 'which': 'init', 'indirect_selection': 'eager'}
[0m16:51:27.004127 [debug] [MainThread]: Tracking: tracking
[0m16:51:27.060543 [debug] [MainThread]: Sending event: {'category': 'dbt', 'action': 'invocation', 'label': 'start', 'context': [<snowplow_tracker.self_describing_json.SelfDescribingJson object at 0x00000179C4866890>, <snowplow_tracker.self_describing_json.SelfDescribingJson object at 0x00000179C4865C60>, <snowplow_tracker.self_describing_json.SelfDescribingJson object at 0x00000179C48655D0>]}
[0m16:51:27.063592 [debug] [MainThread]: Starter project path: C:\Users\Tonyola\AppData\Local\Programs\Python\Python310\lib\site-packages\dbt\include\starter_project
[0m16:55:55.889165 [info ] [MainThread]: Profile dbt_fundamental written to C:\Users\Tonyola\.dbt\profiles.yml using target's profile_template.yml and your supplied values. Run 'dbt debug' to validate the connection.
[0m16:55:55.890386 [info ] [MainThread]: 
Your new dbt project "dbt_fundamental" was created!

For more information on how to configure the profiles.yml file,
please consult the dbt documentation here:

  https://docs.getdbt.com/docs/configure-your-profile

One more thing:

Need help? Don't hesitate to reach out to us via GitHub issues or on Slack:

  https://community.getdbt.com/

Happy modeling!

[0m16:55:55.894379 [debug] [MainThread]: Sending event: {'category': 'dbt', 'action': 'invocation', 'label': 'end', 'context': [<snowplow_tracker.self_describing_json.SelfDescribingJson object at 0x00000179C4866890>, <snowplow_tracker.self_describing_json.SelfDescribingJson object at 0x00000179C4865480>, <snowplow_tracker.self_describing_json.SelfDescribingJson object at 0x00000179BE569150>]}


============================== 2022-08-17 19:49:47.323663 | d4fd63ad-eb1a-4fd8-803f-3cc8d4a6020d ==============================
[0m19:49:47.323663 [info ] [MainThread]: Running with dbt=1.2.0
[0m19:49:47.323663 [debug] [MainThread]: running dbt with arguments {'write_json': True, 'use_colors': True, 'printer_width': 80, 'version_check': True, 'partial_parse': True, 'static_parser': True, 'profiles_dir': 'C:\\Users\\Tonyola\\.dbt', 'send_anonymous_usage_stats': True, 'event_buffer_size': 100000, 'quiet': False, 'no_print': False, 'config_dir': False, 'which': 'debug', 'indirect_selection': 'eager'}
[0m19:49:47.323663 [debug] [MainThread]: Tracking: tracking
[0m19:49:47.358435 [debug] [MainThread]: Sending event: {'category': 'dbt', 'action': 'invocation', 'label': 'start', 'context': [<snowplow_tracker.self_describing_json.SelfDescribingJson object at 0x000001D59C78E800>, <snowplow_tracker.self_describing_json.SelfDescribingJson object at 0x000001D59C78D2D0>, <snowplow_tracker.self_describing_json.SelfDescribingJson object at 0x000001D59C78D1E0>]}
[0m19:49:55.940238 [debug] [MainThread]: Executing "git --help"
[0m19:49:56.231582 [debug] [MainThread]: STDOUT: "b"usage: git [-v | --version] [-h | --help] [-C <path>] [-c <name>=<value>]\n           [--exec-path[=<path>]] [--html-path] [--man-path] [--info-path]\n           [-p | --paginate | -P | --no-pager] [--no-replace-objects] [--bare]\n           [--git-dir=<path>] [--work-tree=<path>] [--namespace=<name>]\n           [--super-prefix=<path>] [--config-env=<name>=<envvar>]\n           <command> [<args>]\n\nThese are common Git commands used in various situations:\n\nstart a working area (see also: git help tutorial)\n   clone     Clone a repository into a new directory\n   init      Create an empty Git repository or reinitialize an existing one\n\nwork on the current change (see also: git help everyday)\n   add       Add file contents to the index\n   mv        Move or rename a file, a directory, or a symlink\n   restore   Restore working tree files\n   rm        Remove files from the working tree and from the index\n\nexamine the history and state (see also: git help revisions)\n   bisect    Use binary search to find the commit that introduced a bug\n   diff      Show changes between commits, commit and working tree, etc\n   grep      Print lines matching a pattern\n   log       Show commit logs\n   show      Show various types of objects\n   status    Show the working tree status\n\ngrow, mark and tweak your common history\n   branch    List, create, or delete branches\n   commit    Record changes to the repository\n   merge     Join two or more development histories together\n   rebase    Reapply commits on top of another base tip\n   reset     Reset current HEAD to the specified state\n   switch    Switch branches\n   tag       Create, list, delete or verify a tag object signed with GPG\n\ncollaborate (see also: git help workflows)\n   fetch     Download objects and refs from another repository\n   pull      Fetch from and integrate with another repository or a local branch\n   push      Update remote refs along with associated objects\n\n'git help -a' and 'git help -g' list available subcommands and some\nconcept guides. See 'git help <command>' or 'git help <concept>'\nto read about a specific subcommand or concept.\nSee 'git help git' for an overview of the system.\n""
[0m19:49:56.231582 [debug] [MainThread]: STDERR: "b''"
[0m19:49:56.231582 [debug] [MainThread]: Sending event: {'category': 'dbt', 'action': 'invocation', 'label': 'end', 'context': [<snowplow_tracker.self_describing_json.SelfDescribingJson object at 0x000001D59C78F0D0>, <snowplow_tracker.self_describing_json.SelfDescribingJson object at 0x000001D59C7CD8A0>, <snowplow_tracker.self_describing_json.SelfDescribingJson object at 0x000001D59D2AD660>]}
